# JRE version: OpenJDK Runtime Environment (8.0_202-b03) (build 1.8.0_202-release-1483-b03)
# Java VM: OpenJDK 64-Bit Server VM (25.202-b03 mixed mode windows-amd64 compressed oops)
Heap:
 PSYoungGen      total 173056K, used 36540K [0x00000000e0000000, 0x00000000ebb80000, 0x0000000100000000)
  eden space 154624K, 23% used [0x00000000e0000000,0x00000000e22df1e8,0x00000000e9700000)
  from space 18432K, 4% used [0x00000000e9700000,0x00000000e97d0000,0x00000000ea900000)
  to   space 18944K, 0% used [0x00000000ea900000,0x00000000ea900000,0x00000000ebb80000)
 ParOldGen       total 92672K, used 67655K [0x00000000a0000000, 0x00000000a5a80000, 0x00000000e0000000)
  object space 92672K, 73% used [0x00000000a0000000,0x00000000a4211dc8,0x00000000a5a80000)
 Metaspace       used 87799K, capacity 91272K, committed 91480K, reserved 1128448K
  class space    used 11165K, capacity 11881K, committed 11904K, reserved 1048576K
GC Heap History (10 events):
Event: 4327.952 GC heap before
{Heap before GC invocations=26 (full 3):
 PSYoungGen      total 121344K, used 110506K [0x00000000e0000000, 0x00000000e9080000, 0x0000000100000000)
  eden space 102912K, 100% used [0x00000000e0000000,0x00000000e6480000,0x00000000e6480000)
  from space 18432K, 41% used [0x00000000e7e80000,0x00000000e85eaae0,0x00000000e9080000)
  to   space 22528K, 0% used [0x00000000e6480000,0x00000000e6480000,0x00000000e7a80000)
 ParOldGen       total 92672K, used 56765K [0x00000000a0000000, 0x00000000a5a80000, 0x00000000e0000000)
  object space 92672K, 61% used [0x00000000a0000000,0x00000000a376f490,0x00000000a5a80000)
 Metaspace       used 87393K, capacity 90858K, committed 90968K, reserved 1128448K
  class space    used 11135K, capacity 11864K, committed 11904K, reserved 1048576K
Event: 4327.976 GC heap after
Heap after GC invocations=26 (full 3):
 PSYoungGen      total 125440K, used 8509K [0x00000000e0000000, 0x00000000ea700000, 0x0000000100000000)
  eden space 102912K, 0% used [0x00000000e0000000,0x00000000e0000000,0x00000000e6480000)
  from space 22528K, 37% used [0x00000000e6480000,0x00000000e6ccf5c8,0x00000000e7a80000)
  to   space 20992K, 0% used [0x00000000e9280000,0x00000000e9280000,0x00000000ea700000)
 ParOldGen       total 92672K, used 56821K [0x00000000a0000000, 0x00000000a5a80000, 0x00000000e0000000)
  object space 92672K, 61% used [0x00000000a0000000,0x00000000a377d490,0x00000000a5a80000)
 Metaspace       used 87393K, capacity 90858K, committed 90968K, reserved 1128448K
  class space    used 11135K, capacity 11864K, committed 11904K, reserved 1048576K
}
Event: 4329.039 GC heap before
{Heap before GC invocations=27 (full 3):
 PSYoungGen      total 125440K, used 111421K [0x00000000e0000000, 0x00000000ea700000, 0x0000000100000000)
  eden space 102912K, 100% used [0x00000000e0000000,0x00000000e6480000,0x00000000e6480000)
  from space 22528K, 37% used [0x00000000e6480000,0x00000000e6ccf5c8,0x00000000e7a80000)
  to   space 20992K, 0% used [0x00000000e9280000,0x00000000e9280000,0x00000000ea700000)
 ParOldGen       total 92672K, used 56821K [0x00000000a0000000, 0x00000000a5a80000, 0x00000000e0000000)
  object space 92672K, 61% used [0x00000000a0000000,0x00000000a377d490,0x00000000a5a80000)
 Metaspace       used 87570K, capacity 91038K, committed 91224K, reserved 1128448K
  class space    used 11151K, capacity 11878K, committed 11904K, reserved 1048576K
Event: 4329.055 GC heap after
Heap after GC invocations=27 (full 3):
 PSYoungGen      total 148992K, used 7093K [0x00000000e0000000, 0x00000000ea600000, 0x0000000100000000)
  eden space 129024K, 0% used [0x00000000e0000000,0x00000000e0000000,0x00000000e7e00000)
  from space 19968K, 35% used [0x00000000e9280000,0x00000000e996d758,0x00000000ea600000)
  to   space 20480K, 0% used [0x00000000e7e00000,0x00000000e7e00000,0x00000000e9200000)
 ParOldGen       total 92672K, used 57684K [0x00000000a0000000, 0x00000000a5a80000, 0x00000000e0000000)
  object space 92672K, 62% used [0x00000000a0000000,0x00000000a3855200,0x00000000a5a80000)
 Metaspace       used 87570K, capacity 91038K, committed 91224K, reserved 1128448K
  class space    used 11151K, capacity 11878K, committed 11904K, reserved 1048576K
}
Event: 4330.499 GC heap before
{Heap before GC invocations=28 (full 3):
 PSYoungGen      total 148992K, used 136117K [0x00000000e0000000, 0x00000000ea600000, 0x0000000100000000)
  eden space 129024K, 100% used [0x00000000e0000000,0x00000000e7e00000,0x00000000e7e00000)
  from space 19968K, 35% used [0x00000000e9280000,0x00000000e996d758,0x00000000ea600000)
  to   space 20480K, 0% used [0x00000000e7e00000,0x00000000e7e00000,0x00000000e9200000)
 ParOldGen       total 92672K, used 57684K [0x00000000a0000000, 0x00000000a5a80000, 0x00000000e0000000)
  object space 92672K, 62% used [0x00000000a0000000,0x00000000a3855200,0x00000000a5a80000)
 Metaspace       used 87739K, capacity 91204K, committed 91480K, reserved 1128448K
  class space    used 11165K, capacity 11881K, committed 11904K, reserved 1048576K
Event: 4330.520 GC heap after
Heap after GC invocations=28 (full 3):
 PSYoungGen      total 149504K, used 8703K [0x00000000e0000000, 0x00000000ebc00000, 0x0000000100000000)
  eden space 129024K, 0% used [0x00000000e0000000,0x00000000e0000000,0x00000000e7e00000)
  from space 20480K, 42% used [0x00000000e7e00000,0x00000000e867ff50,0x00000000e9200000)
  to   space 19456K, 0% used [0x00000000ea900000,0x00000000ea900000,0x00000000ebc00000)
 ParOldGen       total 92672K, used 60952K [0x00000000a0000000, 0x00000000a5a80000, 0x00000000e0000000)
  object space 92672K, 65% used [0x00000000a0000000,0x00000000a3b863b0,0x00000000a5a80000)
 Metaspace       used 87739K, capacity 91204K, committed 91480K, reserved 1128448K
  class space    used 11165K, capacity 11881K, committed 11904K, reserved 1048576K
}
Event: 4331.642 GC heap before
{Heap before GC invocations=29 (full 3):
 PSYoungGen      total 149504K, used 137727K [0x00000000e0000000, 0x00000000ebc00000, 0x0000000100000000)
  eden space 129024K, 100% used [0x00000000e0000000,0x00000000e7e00000,0x00000000e7e00000)
  from space 20480K, 42% used [0x00000000e7e00000,0x00000000e867ff50,0x00000000e9200000)
  to   space 19456K, 0% used [0x00000000ea900000,0x00000000ea900000,0x00000000ebc00000)
 ParOldGen       total 92672K, used 60952K [0x00000000a0000000, 0x00000000a5a80000, 0x00000000e0000000)
  object space 92672K, 65% used [0x00000000a0000000,0x00000000a3b863b0,0x00000000a5a80000)
 Metaspace       used 87762K, capacity 91268K, committed 91480K, reserved 1128448K
  class space    used 11165K, capacity 11881K, committed 11904K, reserved 1048576K
Event: 4331.669 GC heap after
Heap after GC invocations=29 (full 3):
 PSYoungGen      total 173568K, used 8999K [0x00000000e0000000, 0x00000000ebb80000, 0x0000000100000000)
  eden space 154624K, 0% used [0x00000000e0000000,0x00000000e0000000,0x00000000e9700000)
  from space 18944K, 47% used [0x00000000ea900000,0x00000000eb1c9e80,0x00000000ebb80000)
  to   space 18432K, 0% used [0x00000000e9700000,0x00000000e9700000,0x00000000ea900000)
 ParOldGen       total 92672K, used 61867K [0x00000000a0000000, 0x00000000a5a80000, 0x00000000e0000000)
  object space 92672K, 66% used [0x00000000a0000000,0x00000000a3c6ad08,0x00000000a5a80000)
 Metaspace       used 87762K, capacity 91268K, committed 91480K, reserved 1128448K
  class space    used 11165K, capacity 11881K, committed 11904K, reserved 1048576K
}
Event: 4332.727 GC heap before
{Heap before GC invocations=30 (full 3):
 PSYoungGen      total 173568K, used 163623K [0x00000000e0000000, 0x00000000ebb80000, 0x0000000100000000)
  eden space 154624K, 100% used [0x00000000e0000000,0x00000000e9700000,0x00000000e9700000)
  from space 18944K, 47% used [0x00000000ea900000,0x00000000eb1c9e80,0x00000000ebb80000)
  to   space 18432K, 0% used [0x00000000e9700000,0x00000000e9700000,0x00000000ea900000)
 ParOldGen       total 92672K, used 61867K [0x00000000a0000000, 0x00000000a5a80000, 0x00000000e0000000)
  object space 92672K, 66% used [0x00000000a0000000,0x00000000a3c6ad08,0x00000000a5a80000)
 Metaspace       used 87797K, capacity 91272K, committed 91480K, reserved 1128448K
  class space    used 11165K, capacity 11881K, committed 11904K, reserved 1048576K
Event: 4332.752 GC heap after
Heap after GC invocations=30 (full 3):
 PSYoungGen      total 173056K, used 832K [0x00000000e0000000, 0x00000000ebb80000, 0x0000000100000000)
  eden space 154624K, 0% used [0x00000000e0000000,0x00000000e0000000,0x00000000e9700000)
  from space 18432K, 4% used [0x00000000e9700000,0x00000000e97d0000,0x00000000ea900000)
  to   space 18944K, 0% used [0x00000000ea900000,0x00000000ea900000,0x00000000ebb80000)
 ParOldGen       total 92672K, used 67655K [0x00000000a0000000, 0x00000000a5a80000, 0x00000000e0000000)
  object space 92672K, 73% used [0x00000000a0000000,0x00000000a4211dc8,0x00000000a5a80000)
 Metaspace       used 87797K, capacity 91272K, committed 91480K, reserved 1128448K
  class space    used 11165K, capacity 11881K, committed 11904K, reserved 1048576K
}

